2025-08-31 05:17:32,087 - __main__ - INFO - ================================================================================
2025-08-31 05:17:32,087 - __main__ - INFO - STARTING PIPELINE EXECUTION
2025-08-31 05:17:32,087 - __main__ - INFO - Timestamp: 2025-08-31 05:17:32.087931
2025-08-31 05:17:32,088 - __main__ - INFO - ================================================================================
2025-08-31 05:17:36,147 - orchestration.main - INFO - ============================================================
2025-08-31 05:17:36,147 - orchestration.main - INFO - Dynamic Stage 0 - Pipeline Execution
2025-08-31 05:17:36,147 - orchestration.main - INFO - ============================================================
2025-08-31 05:17:36,159 - config.config - INFO - Configuration loaded from /workspace/feature_genesis/config/config.yaml
2025-08-31 05:17:36,159 - config.config - INFO - Configuration validation passed
2025-08-31 05:17:41,338 - data_io.db_handler - INFO - Database connection established to localhost:3010
2025-08-31 05:17:41,338 - orchestration.main - INFO - Discovering currency pairs in local data directory...
2025-08-31 05:17:41,339 - data_io.local_loader - INFO - Scanning for currency pairs in: /data
2025-08-31 05:17:41,340 - data_io.local_loader - INFO - Found 11 parquet files and 0 feather files
2025-08-31 05:17:41,340 - data_io.local_loader - INFO - Found currency pair: EURCAD from file EURCAD_master_features.parquet
2025-08-31 05:17:41,340 - data_io.local_loader - INFO - Found currency pair: EURCHF from file EURCHF_master_features.parquet
2025-08-31 05:17:41,341 - data_io.local_loader - INFO - Found currency pair: AUDUSD from file AUDUSD_master_features.parquet
2025-08-31 05:17:41,341 - data_io.local_loader - INFO - Found currency pair: EURAUD from file EURAUD_master_features.parquet
2025-08-31 05:17:41,341 - data_io.local_loader - INFO - Found currency pair: EURGBP from file EURGBP_master_features.parquet
2025-08-31 05:17:41,341 - data_io.local_loader - INFO - Found currency pair: EURJPY from file EURJPY_master_features.parquet
2025-08-31 05:17:41,342 - data_io.local_loader - INFO - Found currency pair: EURUSD from file EURUSD_master_features.parquet
2025-08-31 05:17:41,342 - data_io.local_loader - INFO - Found currency pair: GBPUSD from file GBPUSD_master_features.parquet
2025-08-31 05:17:41,342 - data_io.local_loader - INFO - Found currency pair: USDCAD from file USDCAD_master_features.parquet
2025-08-31 05:17:41,342 - data_io.local_loader - INFO - Found currency pair: USDCHF from file USDCHF_master_features.parquet
2025-08-31 05:17:41,342 - data_io.local_loader - INFO - Found currency pair: USDJPY from file USDJPY_master_features.parquet
2025-08-31 05:17:41,343 - data_io.local_loader - INFO - Discovered 11 currency pairs
2025-08-31 05:17:41,343 - orchestration.main - INFO - Found 11 currency pairs in data directory
2025-08-31 05:17:41,754 - data_io.db_handler - INFO - Currency pair EURCAD not yet processed
2025-08-31 05:17:42,915 - data_io.db_handler - INFO - Registered currency pair EURCAD with task ID 2
2025-08-31 05:17:43,697 - orchestration.main - INFO - Added EURCAD to processing queue (Task ID: 2)
2025-08-31 05:17:44,086 - data_io.db_handler - INFO - Currency pair EURCHF not yet processed
2025-08-31 05:17:45,249 - data_io.db_handler - INFO - Registered currency pair EURCHF with task ID 4
2025-08-31 05:17:46,028 - orchestration.main - INFO - Added EURCHF to processing queue (Task ID: 4)
2025-08-31 05:17:46,416 - data_io.db_handler - INFO - Currency pair AUDUSD not yet processed
2025-08-31 05:17:47,580 - data_io.db_handler - INFO - Registered currency pair AUDUSD with task ID 5
2025-08-31 05:17:48,375 - orchestration.main - INFO - Added AUDUSD to processing queue (Task ID: 5)
2025-08-31 05:17:48,766 - data_io.db_handler - INFO - Currency pair EURAUD not yet processed
2025-08-31 05:17:49,945 - data_io.db_handler - INFO - Registered currency pair EURAUD with task ID 6
2025-08-31 05:17:50,727 - orchestration.main - INFO - Added EURAUD to processing queue (Task ID: 6)
2025-08-31 05:17:51,120 - data_io.db_handler - INFO - Currency pair EURGBP not yet processed
2025-08-31 05:17:52,300 - data_io.db_handler - INFO - Registered currency pair EURGBP with task ID 7
2025-08-31 05:17:53,084 - orchestration.main - INFO - Added EURGBP to processing queue (Task ID: 7)
2025-08-31 05:17:53,476 - data_io.db_handler - INFO - Currency pair EURJPY not yet processed
2025-08-31 05:17:54,642 - data_io.db_handler - INFO - Registered currency pair EURJPY with task ID 8
2025-08-31 05:17:55,431 - orchestration.main - INFO - Added EURJPY to processing queue (Task ID: 8)
2025-08-31 05:17:55,822 - data_io.db_handler - INFO - Currency pair EURUSD not yet processed
2025-08-31 05:17:57,001 - data_io.db_handler - INFO - Registered currency pair EURUSD with task ID 9
2025-08-31 05:17:57,779 - orchestration.main - INFO - Added EURUSD to processing queue (Task ID: 9)
2025-08-31 05:17:58,167 - data_io.db_handler - INFO - Currency pair GBPUSD not yet processed
2025-08-31 05:17:59,332 - data_io.db_handler - INFO - Registered currency pair GBPUSD with task ID 10
2025-08-31 05:18:00,110 - orchestration.main - INFO - Added GBPUSD to processing queue (Task ID: 10)
2025-08-31 05:18:00,500 - data_io.db_handler - INFO - Currency pair USDCAD not yet processed
2025-08-31 05:18:01,679 - data_io.db_handler - INFO - Registered currency pair USDCAD with task ID 11
2025-08-31 05:18:02,460 - orchestration.main - INFO - Added USDCAD to processing queue (Task ID: 11)
2025-08-31 05:18:02,849 - data_io.db_handler - INFO - Currency pair USDCHF not yet processed
2025-08-31 05:18:04,017 - data_io.db_handler - INFO - Registered currency pair USDCHF with task ID 12
2025-08-31 05:18:04,795 - orchestration.main - INFO - Added USDCHF to processing queue (Task ID: 12)
2025-08-31 05:18:05,184 - data_io.db_handler - INFO - Currency pair USDJPY not yet processed
2025-08-31 05:18:06,362 - data_io.db_handler - INFO - Registered currency pair USDJPY with task ID 13
2025-08-31 05:18:07,139 - orchestration.main - INFO - Added USDJPY to processing queue (Task ID: 13)
2025-08-31 05:18:07,140 - orchestration.main - INFO - Processing 11 currency pairs that need feature engineering
2025-08-31 05:18:07,140 - orchestration.main - INFO - Shutting down Dask-CUDA cluster...
2025-08-31 05:18:07,140 - orchestration.main - INFO - Dask-CUDA cluster shutdown complete
2025-08-31 05:18:07,140 - orchestration.main - ERROR - FATAL PIPELINE ERROR: Failed to start or activate Dask cluster.
Traceback (most recent call last):
  File "/workspace/feature_genesis/orchestration/main.py", line 474, in run_pipeline
    raise RuntimeError("Failed to start or activate Dask cluster.")
RuntimeError: Failed to start or activate Dask cluster.
2025-08-31 05:18:07,142 - __main__ - INFO - ================================================================================
2025-08-31 05:18:07,142 - __main__ - INFO - PIPELINE COMPLETED WITH EXIT CODE: 1
2025-08-31 05:18:07,142 - __main__ - INFO - ================================================================================
